<?xml version="1.0" encoding="UTF-8"?>
<coverage generated="1602672598873" clover="3.2.0">
  <project timestamp="1602672598873" name="All files">
    <metrics statements="11" coveredstatements="11" conditionals="13" coveredconditionals="9" methods="0" coveredmethods="0" elements="24" coveredelements="20" complexity="0" loc="11" ncloc="11" packages="1" files="1" classes="1"/>
    <file name="App.svelte" path="/home/riza/playground/svelte-app-testing/src/App.svelte">
      <metrics statements="11" coveredstatements="11" conditionals="13" coveredconditionals="9" methods="0" coveredmethods="0"/>
      <line num="2" count="5" type="cond" truecount="0" falsecount="1"/>
      <line num="5" count="9" type="stmt"/>
      <line num="9" count="2" type="stmt"/>
      <line num="10" count="2" type="stmt"/>
      <line num="14" count="2" type="stmt"/>
      <line num="20" count="5" type="stmt"/>
      <line num="22" count="7" type="stmt"/>
      <line num="24" count="9" type="cond" truecount="3" falsecount="1"/>
      <line num="25" count="9" type="cond" truecount="3" falsecount="1"/>
      <line num="26" count="7" type="cond" truecount="2" falsecount="0"/>
      <line num="30" count="9" type="cond" truecount="1" falsecount="1"/>
    </file>
  </project>
</coverage>
