{"/home/riza/playground/svelte-app-testing/src/App.svelte": {"path":"/home/riza/playground/svelte-app-testing/src/App.svelte","statementMap":{"0":{"start":{"line":24,"column":13},"end":{"line":24,"column":null}},"1":{"start":{"line":25,"column":13},"end":{"line":25,"column":null}},"2":{"start":{"line":26,"column":56},"end":{"line":26,"column":null}},"3":{"start":{"line":24,"column":22},"end":{"line":24,"column":null}},"4":{"start":{"line":25,"column":23},"end":{"line":25,"column":null}},"5":{"start":{"line":22,"column":11},"end":{"line":22,"column":null}},"6":{"start":{"line":22,"column":6},"end":{"line":22,"column":10}},"7":{"start":{"line":30,"column":32},"end":{"line":30,"column":null}},"8":{"start":{"line":20,"column":20},"end":{"line":20,"column":null}},"9":{"start":{"line":22,"column":6},"end":{"line":22,"column":11}},"10":{"start":{"line":2,"column":18},"end":{"line":2,"column":null}},"11":{"start":{"line":9,"column":18},"end":{"line":9,"column":34}},"12":{"start":{"line":10,"column":4},"end":{"line":10,"column":null}},"13":{"start":{"line":14,"column":4},"end":{"line":14,"column":null}},"14":{"start":{"line":26,"column":61},"end":{"line":26,"column":null}},"15":{"start":{"line":5,"column":11},"end":{"line":5,"column":null}}},"fnMap":{},"branchMap":{"0":{"loc":{"start":{"line":24,"column":13},"end":{"line":24,"column":null}},"type":"if","locations":[{"start":{"line":24,"column":13},"end":{"line":24,"column":null}},{"start":{"line":24,"column":13},"end":{"line":24,"column":null}}]},"1":{"loc":{"start":{"line":24,"column":13},"end":{"line":24,"column":17}},"type":"binary-expr","locations":[{"start":{"line":24,"column":13},"end":{"line":24,"column":17}},{"start":{"line":24,"column":13},"end":{"line":24,"column":null}}]},"2":{"loc":{"start":{"line":25,"column":13},"end":{"line":25,"column":null}},"type":"if","locations":[{"start":{"line":25,"column":13},"end":{"line":25,"column":null}},{"start":{"line":25,"column":13},"end":{"line":25,"column":null}}]},"3":{"loc":{"start":{"line":25,"column":13},"end":{"line":25,"column":17}},"type":"binary-expr","locations":[{"start":{"line":25,"column":13},"end":{"line":25,"column":17}},{"start":{"line":25,"column":13},"end":{"line":25,"column":null}}]},"4":{"loc":{"start":{"line":26,"column":56},"end":{"line":26,"column":60}},"type":"binary-expr","locations":[{"start":{"line":26,"column":56},"end":{"line":26,"column":60}},{"start":{"line":26,"column":56},"end":{"line":26,"column":64}}]},"5":{"loc":{"start":{"line":30,"column":32},"end":{"line":30,"column":null}},"type":"if","locations":[{"start":{"line":30,"column":32},"end":{"line":30,"column":null}},{"start":{"line":30,"column":32},"end":{"line":30,"column":null}}]},"6":{"loc":{"start":{"line":2,"column":18},"end":{"line":2,"column":null}},"type":"default-arg","locations":[{"start":{"line":2,"column":18},"end":{"line":2,"column":null}}]}},"s":{"0":9,"1":9,"2":7,"3":0,"4":0,"5":7,"6":5,"7":9,"8":5,"9":2,"10":5,"11":2,"12":2,"13":2,"14":0,"15":9},"f":{},"b":{"0":[0,2],"1":[2,2],"2":[0,2],"3":[2,2],"4":[2,2],"5":[2,0],"6":[0]}}
}
